<?xml version="1.0" encoding="UTF-8"?>
<!-- Generated by org.testng.reporters.JUnitXMLReporter -->
<testsuite ignored="0" hostname="DESKTOP-AMSBLU7" failures="0" tests="5" name="Default test" time="155.269" errors="0" timestamp="2023-02-09T11:22:09 IST">
  <testcase classname="logisticsGilbertSftpTest.SOShippingConfirmationLogicsTest" name="processFile" time="72.961"/>
  <testcase classname="logisticsGilbertSftpTest.SOShippingConfirmationLogicsTest" name="processFile" time="67.767"/>
  <testcase classname="logisticsGilbertSftpTest.SOShippingConfirmationLogicsTest" name="ods" time="1.844"/>
  <testcase classname="logisticsGilbertSftpTest.SOShippingConfirmationLogicsTest" name="sftp" time="9.238"/>
  <testcase classname="logisticsGilbertSftpTest.SOShippingConfirmationLogicsTest" name="db" time="3.369"/>
</testsuite> <!-- Default test -->
