<?xml version="1.0" encoding="UTF-8"?>
<!-- Generated by org.testng.reporters.JUnitXMLReporter -->
<testsuite ignored="0" hostname="DESKTOP-AMSBLU7" failures="0" tests="4" name="Default test" time="0.053" errors="0" timestamp="2023-04-13T11:16:01 IST">
  <testcase classname="logisticsDbTest.CalcTest" name="CanAddNumbersFromGivenData" time="0.008"/>
  <testcase classname="logisticsDbTest.CalcTest" name="CanAddNumbersFromGivenData" time="0.002"/>
  <testcase classname="logisticsDbTest.CalcTest" name="CanAddNumbersFromGivenData" time="0.001"/>
  <testcase classname="logisticsDbTest.CalcTest" name="CanAddNumbers" time="0.001"/>
</testsuite> <!-- Default test -->
