<?xml version="1.0" encoding="UTF-8"?>
<!-- Generated by org.testng.reporters.JUnitXMLReporter -->
<testsuite ignored="0" hostname="DESKTOP-AMSBLU7" failures="0" tests="5" name="Tests" time="324.408" errors="0" timestamp="2023-03-30T17:03:16 IST">
  <testcase classname="logisticsXPOTest.XpoJiraTicketCreationTest" name="processFile" time="64.59"/>
  <testcase classname="logisticsXPOTest.XpoJiraTicketCreationTest" name="processFile" time="64.265"/>
  <testcase classname="logisticsXPOTest.XpoJiraTicketCreationTest" name="processFile" time="64.669"/>
  <testcase classname="logisticsXPOTest.XpoJiraTicketCreationTest" name="processFile" time="65.062"/>
  <testcase classname="logisticsXPOTest.XpoJiraTicketCreationTest" name="processFile" time="65.736"/>
</testsuite> <!-- Tests -->
