<?xml version="1.0" encoding="UTF-8"?>
<!-- Generated by org.testng.reporters.JUnitXMLReporter -->
<testsuite ignored="0" hostname="DESKTOP-AMSBLU7" failures="0" tests="5" name="Tests" time="326.622" errors="0" timestamp="2023-04-03T21:46:19 IST">
  <testcase classname="logisticsXPOTest.XpoJiraTicketCreationTest" name="processFile" time="65.199"/>
  <testcase classname="logisticsXPOTest.XpoJiraTicketCreationTest" name="processFile" time="67.912"/>
  <testcase classname="logisticsXPOTest.XpoJiraTicketCreationTest" name="processFile" time="64.556"/>
  <testcase classname="logisticsXPOTest.XpoJiraTicketCreationTest" name="processFile" time="64.572"/>
  <testcase classname="logisticsXPOTest.XpoJiraTicketCreationTest" name="processFile" time="64.301"/>
</testsuite> <!-- Tests -->
