<?xml version="1.0" encoding="UTF-8"?>
<testng-results ignored="0" total="5" passed="5" failed="0" skipped="0">
  <reporter-output>
  </reporter-output>
  <suite started-at="2023-04-03T21:40:52 IST" name="Suite" finished-at="2023-04-03T21:46:18 IST" duration-ms="326622">
    <groups>
    </groups>
    <test started-at="2023-04-03T21:40:52 IST" name="Tests" finished-at="2023-04-03T21:46:18 IST" duration-ms="326622">
      <class name="logisticsXPOTest.XpoJiraTicketCreationTest">
        <test-method signature="processFile(java.io.File)[pri:0, instance:logisticsXPOTest.XpoJiraTicketCreationTest@5c09d180]" started-at="2023-04-03T21:40:52 IST" name="processFile" data-provider="data-provider" finished-at="2023-04-03T21:41:57 IST" duration-ms="65199" status="PASS">
          <params>
            <param index="0">
              <value>
                <![CDATA[D:\Logistics automation\Logistics\QA XPO Test Files\Set 1\INPUT-FILE NEW XPO RMA Order Upload-2022-08-11-14-42-09 (1).xlsx]]>
              </value>
            </param>
          </params>
          <reporter-output>
          </reporter-output>
        </test-method> <!-- processFile -->
        <test-method signature="processFile(java.io.File)[pri:0, instance:logisticsXPOTest.XpoJiraTicketCreationTest@5c09d180]" started-at="2023-04-03T21:41:57 IST" name="processFile" data-provider="data-provider" finished-at="2023-04-03T21:43:05 IST" duration-ms="67912" status="PASS">
          <params>
            <param index="0">
              <value>
                <![CDATA[D:\Logistics automation\Logistics\QA XPO Test Files\Set 1\TEST NEW XPO RMA Order Upload-2022-09-08-20-49-09 (1).xlsx]]>
              </value>
            </param>
          </params>
          <reporter-output>
          </reporter-output>
        </test-method> <!-- processFile -->
        <test-method signature="processFile(java.io.File)[pri:0, instance:logisticsXPOTest.XpoJiraTicketCreationTest@5c09d180]" started-at="2023-04-03T21:43:05 IST" name="processFile" data-provider="data-provider" finished-at="2023-04-03T21:44:10 IST" duration-ms="64556" status="PASS">
          <params>
            <param index="0">
              <value>
                <![CDATA[D:\Logistics automation\Logistics\QA XPO Test Files\Set 1\TEST NEW XPO RMA Order Upload-2022-09-26-15-53-00.xlsx]]>
              </value>
            </param>
          </params>
          <reporter-output>
          </reporter-output>
        </test-method> <!-- processFile -->
        <test-method signature="processFile(java.io.File)[pri:0, instance:logisticsXPOTest.XpoJiraTicketCreationTest@5c09d180]" started-at="2023-04-03T21:44:10 IST" name="processFile" data-provider="data-provider" finished-at="2023-04-03T21:45:14 IST" duration-ms="64572" status="PASS">
          <params>
            <param index="0">
              <value>
                <![CDATA[D:\Logistics automation\Logistics\QA XPO Test Files\Set 1\TEST NEW XPO RMA Order Upload-2022-09-26-15-53-29.xlsx]]>
              </value>
            </param>
          </params>
          <reporter-output>
          </reporter-output>
        </test-method> <!-- processFile -->
        <test-method signature="processFile(java.io.File)[pri:0, instance:logisticsXPOTest.XpoJiraTicketCreationTest@5c09d180]" started-at="2023-04-03T21:45:14 IST" name="processFile" data-provider="data-provider" finished-at="2023-04-03T21:46:18 IST" duration-ms="64301" status="PASS">
          <params>
            <param index="0">
              <value>
                <![CDATA[D:\Logistics automation\Logistics\QA XPO Test Files\Set 1\TEST NEW XPO RMA Order Upload-2022-09-26-15-54-11.xlsx]]>
              </value>
            </param>
          </params>
          <reporter-output>
          </reporter-output>
        </test-method> <!-- processFile -->
      </class> <!-- logisticsXPOTest.XpoJiraTicketCreationTest -->
    </test> <!-- Tests -->
  </suite> <!-- Suite -->
</testng-results>
