<?xml version="1.0" encoding="UTF-8"?>
<testng-results ignored="0" total="4" passed="4" failed="0" skipped="0">
  <reporter-output>
  </reporter-output>
  <suite started-at="2023-04-13T11:16:01 IST" name="Default suite" finished-at="2023-04-13T11:16:01 IST" duration-ms="53">
    <groups>
    </groups>
    <test started-at="2023-04-13T11:16:01 IST" name="Default test" finished-at="2023-04-13T11:16:01 IST" duration-ms="53">
      <class name="logisticsDbTest.CalcTest">
        <test-method is-config="true" signature="setUp()[pri:0, instance:logisticsDbTest.CalcTest@305ffe9e]" started-at="2023-04-13T11:16:01 IST" name="setUp" finished-at="2023-04-13T11:16:01 IST" duration-ms="21" status="PASS">
          <reporter-output>
          </reporter-output>
        </test-method> <!-- setUp -->
        <test-method signature="CanAddNumbersFromGivenData(int,int,int)[pri:1, instance:logisticsDbTest.CalcTest@305ffe9e]" started-at="2023-04-13T11:16:01 IST" name="CanAddNumbersFromGivenData" data-provider="ValidDataProvider" finished-at="2023-04-13T11:16:01 IST" duration-ms="8" status="PASS">
          <params>
            <param index="0">
              <value>
                <![CDATA[1]]>
              </value>
            </param>
            <param index="1">
              <value>
                <![CDATA[2]]>
              </value>
            </param>
            <param index="2">
              <value>
                <![CDATA[3]]>
              </value>
            </param>
          </params>
          <reporter-output>
          </reporter-output>
        </test-method> <!-- CanAddNumbersFromGivenData -->
        <test-method signature="CanAddNumbersFromGivenData(int,int,int)[pri:1, instance:logisticsDbTest.CalcTest@305ffe9e]" started-at="2023-04-13T11:16:01 IST" name="CanAddNumbersFromGivenData" data-provider="ValidDataProvider" finished-at="2023-04-13T11:16:01 IST" duration-ms="2" status="PASS">
          <params>
            <param index="0">
              <value>
                <![CDATA[2]]>
              </value>
            </param>
            <param index="1">
              <value>
                <![CDATA[3]]>
              </value>
            </param>
            <param index="2">
              <value>
                <![CDATA[5]]>
              </value>
            </param>
          </params>
          <reporter-output>
          </reporter-output>
        </test-method> <!-- CanAddNumbersFromGivenData -->
        <test-method signature="CanAddNumbersFromGivenData(int,int,int)[pri:1, instance:logisticsDbTest.CalcTest@305ffe9e]" started-at="2023-04-13T11:16:01 IST" name="CanAddNumbersFromGivenData" data-provider="ValidDataProvider" finished-at="2023-04-13T11:16:01 IST" duration-ms="1" status="PASS">
          <params>
            <param index="0">
              <value>
                <![CDATA[-1]]>
              </value>
            </param>
            <param index="1">
              <value>
                <![CDATA[1]]>
              </value>
            </param>
            <param index="2">
              <value>
                <![CDATA[0]]>
              </value>
            </param>
          </params>
          <reporter-output>
          </reporter-output>
        </test-method> <!-- CanAddNumbersFromGivenData -->
        <test-method signature="CanAddNumbers()[pri:2, instance:logisticsDbTest.CalcTest@305ffe9e]" started-at="2023-04-13T11:16:01 IST" name="CanAddNumbers" finished-at="2023-04-13T11:16:01 IST" duration-ms="1" status="PASS">
          <reporter-output>
          </reporter-output>
        </test-method> <!-- CanAddNumbers -->
      </class> <!-- logisticsDbTest.CalcTest -->
    </test> <!-- Default test -->
  </suite> <!-- Default suite -->
</testng-results>
